<?xml version="1.0" encoding="UTF-8"?>
<!-- Generated by org.testng.reporters.JUnitReportReporter -->
<testsuite hostname="LAPTOP-4U4CRANT" failures="0" tests="1" name="com.test.TestExecution" time="25.977" errors="0" timestamp="2023-06-19T13:36:23 IST" skipped="0">
  <testcase classname="com.test.TestExecution" name="test" time="25.977"/>
  <system-out/>
</testsuite> <!-- com.test.TestExecution -->
